<?xml version="1.0" encoding="UTF-8"?>
<!-- Generated by org.testng.reporters.JUnitReportReporter -->
<testsuite skipped="0" hostname="DESKTOP-FAJDTI3" name="interviewquestion.ExecuteTestcaseMultipleWithoutLooping" tests="2" failures="0" timestamp="2020-05-10T19:00:00 IST" time="41.684" errors="0">
  <testcase name="Execution" time="22.040" classname="interviewquestion.ExecuteTestcaseMultipleWithoutLooping"/>
  <testcase name="Execution" time="19.644" classname="interviewquestion.ExecuteTestcaseMultipleWithoutLooping"/>
</testsuite> <!-- interviewquestion.ExecuteTestcaseMultipleWithoutLooping -->
