<?xml version="1.0" encoding="UTF-8"?>
<!-- Generated by org.testng.reporters.JUnitReportReporter -->
<testsuite skipped="0" hostname="DESKTOP-FAJDTI3" name="interviewquestion.Exceptionhandling" tests="1" failures="0" timestamp="2020-05-10T19:32:31 IST" time="2.049" errors="0">
  <testcase name="timeout" time="2.049" classname="interviewquestion.Exceptionhandling"/>
</testsuite> <!-- interviewquestion.Exceptionhandling -->
