<?xml version="1.0" encoding="UTF-8"?>
<!-- Generated by org.testng.reporters.JUnitReportReporter -->
<testsuite skipped="0" hostname="DESKTOP-FAJDTI3" name="interviewquestion.SetTimeoutTestCase" tests="1" failures="0" timestamp="2020-05-10T19:13:44 IST" time="2.113" errors="1">
  <testcase name="timeout" time="2.113" classname="interviewquestion.SetTimeoutTestCase">
    <error type="org.testng.internal.thread.ThreadTimeoutException" message="Method interviewquestion.SetTimeoutTestCase.timeout() didn&#039;t finish within the time-out 2000">
      <![CDATA[org.testng.internal.thread.ThreadTimeoutException: Method interviewquestion.SetTimeoutTestCase.timeout() didn't finish within the time-out 2000
]]>
    </error>
  </testcase> <!-- timeout -->
</testsuite> <!-- interviewquestion.SetTimeoutTestCase -->
